<?xml version="1.0" encoding="UTF-8"?>
<robot generator="Robot 5.0.1 (Python 3.10.4 on win32)" generated="20220617 21:34:00.086" rpa="false" schemaversion="3">
<suite id="s1" name="CompletePurchase &amp; LoginCheck">
<suite id="s1-s1" name="CompletePurchase" source="C:\Users\sivakaj\PycharmProjects\SwagLabs\TestCases\CompletePurchase.robot">
<kw name="Open my Browser" library="GlobalKeywords" type="SETUP">
<arg>${url}</arg>
<arg>${browser}</arg>
<kw name="Open Browser" library="SeleniumLibrary">
<arg>${url}</arg>
<arg>${browser}</arg>
<doc>Opens a new browser instance to the optional ``url``.</doc>
<msg timestamp="20220617 21:34:00.460" level="INFO">Opening browser 'headlesschrome' to base url 'https://www.saucedemo.com/'.</msg>
<status status="PASS" starttime="20220617 21:34:00.459" endtime="20220617 21:34:04.259"/>
</kw>
<kw name="Maximize Browser Window" library="SeleniumLibrary">
<doc>Maximizes current browser window.</doc>
<status status="PASS" starttime="20220617 21:34:04.259" endtime="20220617 21:34:04.375"/>
</kw>
<status status="PASS" starttime="20220617 21:34:00.458" endtime="20220617 21:34:04.375"/>
</kw>
<test id="s1-s1-t1" name="Filter High to Low Function" line="18">
<kw name="Enter username" library="GlobalKeywords">
<arg>${user}</arg>
<kw name="Input Text" library="SeleniumLibrary">
<arg>${txt_userName}</arg>
<arg>${username}</arg>
<doc>Types the given ``text`` into the text field identified by ``locator``.</doc>
<msg timestamp="20220617 21:34:04.378" level="INFO">Typing text 'standard_user' into text field 'name:user-name'.</msg>
<status status="PASS" starttime="20220617 21:34:04.377" endtime="20220617 21:34:04.506"/>
</kw>
<status status="PASS" starttime="20220617 21:34:04.376" endtime="20220617 21:34:04.506"/>
</kw>
<kw name="Enter password" library="GlobalKeywords">
<arg>${pwd}</arg>
<kw name="Input Text" library="SeleniumLibrary">
<arg>${txt_password}</arg>
<arg>${password}</arg>
<doc>Types the given ``text`` into the text field identified by ``locator``.</doc>
<msg timestamp="20220617 21:34:04.508" level="INFO">Typing text 'secret_sauce' into text field 'name:password'.</msg>
<status status="PASS" starttime="20220617 21:34:04.507" endtime="20220617 21:34:04.602"/>
</kw>
<status status="PASS" starttime="20220617 21:34:04.507" endtime="20220617 21:34:04.603"/>
</kw>
<kw name="Click Login" library="GlobalKeywords">
<kw name="Click Button" library="SeleniumLibrary">
<arg>${txt_login_button}</arg>
<doc>Clicks the button identified by ``locator``.</doc>
<msg timestamp="20220617 21:34:04.604" level="INFO">Clicking button 'name:login-button'.</msg>
<status status="PASS" starttime="20220617 21:34:04.603" endtime="20220617 21:34:04.711"/>
</kw>
<status status="PASS" starttime="20220617 21:34:04.603" endtime="20220617 21:34:04.711"/>
</kw>
<kw name="Verify successfull login" library="GlobalKeywords">
<kw name="Capture Page Screenshot" library="SeleniumLibrary">
<arg>../Screenshots/loginsuccess.png</arg>
<doc>Takes a screenshot of the current page and embeds it into a log file.</doc>
<msg timestamp="20220617 21:34:04.784" level="INFO" html="true">&lt;/td&gt;&lt;/tr&gt;&lt;tr&gt;&lt;td colspan="3"&gt;&lt;a href="../Screenshots/loginsuccess.png"&gt;&lt;img src="../Screenshots/loginsuccess.png" width="800px"&gt;&lt;/a&gt;</msg>
<status status="PASS" starttime="20220617 21:34:04.712" endtime="20220617 21:34:04.784"/>
</kw>
<status status="PASS" starttime="20220617 21:34:04.712" endtime="20220617 21:34:04.784"/>
</kw>
<kw name="SortHightoLow" library="GlobalKeywords">
<kw name="Click Element" library="SeleniumLibrary">
<arg>xpath://option[contains(text(),'Price (high to low)')]</arg>
<doc>Click the element identified by ``locator``.</doc>
<msg timestamp="20220617 21:34:04.786" level="INFO">Clicking element 'xpath://option[contains(text(),'Price (high to low)')]'.</msg>
<status status="PASS" starttime="20220617 21:34:04.786" endtime="20220617 21:34:04.836"/>
</kw>
<kw name="Capture Page Screenshot" library="SeleniumLibrary">
<arg>../Screenshots/highPrice.png</arg>
<doc>Takes a screenshot of the current page and embeds it into a log file.</doc>
<msg timestamp="20220617 21:34:04.903" level="INFO" html="true">&lt;/td&gt;&lt;/tr&gt;&lt;tr&gt;&lt;td colspan="3"&gt;&lt;a href="../Screenshots/highPrice.png"&gt;&lt;img src="../Screenshots/highPrice.png" width="800px"&gt;&lt;/a&gt;</msg>
<status status="PASS" starttime="20220617 21:34:04.836" endtime="20220617 21:34:04.903"/>
</kw>
<status status="PASS" starttime="20220617 21:34:04.785" endtime="20220617 21:34:04.904"/>
</kw>
<kw name="HighPrice" library="GlobalKeywords">
<kw name="Get Text" library="SeleniumLibrary">
<var>${high_price}</var>
<arg>${txt_highprice}</arg>
<doc>Returns the text value of the element identified by ``locator``.</doc>
<msg timestamp="20220617 21:34:04.937" level="INFO">${high_price} = $49.99</msg>
<status status="PASS" starttime="20220617 21:34:04.904" endtime="20220617 21:34:04.937"/>
</kw>
<kw name="Log To Console" library="BuiltIn">
<arg>${high_price}</arg>
<doc>Logs the given message to the console.</doc>
<status status="PASS" starttime="20220617 21:34:04.937" endtime="20220617 21:34:04.938"/>
</kw>
<status status="PASS" starttime="20220617 21:34:04.904" endtime="20220617 21:34:04.938"/>
</kw>
<kw name="LowPrice" library="GlobalKeywords">
<kw name="Get Text" library="SeleniumLibrary">
<var>${low_price}</var>
<arg>${txt_lowprice}</arg>
<doc>Returns the text value of the element identified by ``locator``.</doc>
<msg timestamp="20220617 21:34:04.977" level="INFO">${low_price} = $7.99</msg>
<status status="PASS" starttime="20220617 21:34:04.939" endtime="20220617 21:34:04.977"/>
</kw>
<kw name="Log To Console" library="BuiltIn">
<arg>${low_price}</arg>
<doc>Logs the given message to the console.</doc>
<status status="PASS" starttime="20220617 21:34:04.978" endtime="20220617 21:34:04.978"/>
</kw>
<status status="PASS" starttime="20220617 21:34:04.939" endtime="20220617 21:34:04.978"/>
</kw>
<status status="PASS" starttime="20220617 21:34:04.375" endtime="20220617 21:34:04.978"/>
</test>
<test id="s1-s1-t2" name="Filter Low to High Function" line="27">
<kw name="SortLowtoHigh" library="GlobalKeywords">
<kw name="Click Element" library="SeleniumLibrary">
<arg>xpath://option[contains(text(),'Price (low to high)')]</arg>
<doc>Click the element identified by ``locator``.</doc>
<msg timestamp="20220617 21:34:04.981" level="INFO">Clicking element 'xpath://option[contains(text(),'Price (low to high)')]'.</msg>
<status status="PASS" starttime="20220617 21:34:04.980" endtime="20220617 21:34:05.032"/>
</kw>
<kw name="Capture Page Screenshot" library="SeleniumLibrary">
<arg>../Screenshots/lowPrice.png</arg>
<doc>Takes a screenshot of the current page and embeds it into a log file.</doc>
<msg timestamp="20220617 21:34:05.152" level="INFO" html="true">&lt;/td&gt;&lt;/tr&gt;&lt;tr&gt;&lt;td colspan="3"&gt;&lt;a href="../Screenshots/lowPrice.png"&gt;&lt;img src="../Screenshots/lowPrice.png" width="800px"&gt;&lt;/a&gt;</msg>
<status status="PASS" starttime="20220617 21:34:05.032" endtime="20220617 21:34:05.152"/>
</kw>
<status status="PASS" starttime="20220617 21:34:04.980" endtime="20220617 21:34:05.153"/>
</kw>
<kw name="HighPrice" library="GlobalKeywords">
<kw name="Get Text" library="SeleniumLibrary">
<var>${high_price}</var>
<arg>${txt_highprice}</arg>
<doc>Returns the text value of the element identified by ``locator``.</doc>
<msg timestamp="20220617 21:34:05.170" level="INFO">${high_price} = $7.99</msg>
<status status="PASS" starttime="20220617 21:34:05.154" endtime="20220617 21:34:05.170"/>
</kw>
<kw name="Log To Console" library="BuiltIn">
<arg>${high_price}</arg>
<doc>Logs the given message to the console.</doc>
<status status="PASS" starttime="20220617 21:34:05.170" endtime="20220617 21:34:05.171"/>
</kw>
<status status="PASS" starttime="20220617 21:34:05.153" endtime="20220617 21:34:05.171"/>
</kw>
<kw name="LowPrice" library="GlobalKeywords">
<kw name="Get Text" library="SeleniumLibrary">
<var>${low_price}</var>
<arg>${txt_lowprice}</arg>
<doc>Returns the text value of the element identified by ``locator``.</doc>
<msg timestamp="20220617 21:34:05.188" level="INFO">${low_price} = $49.99</msg>
<status status="PASS" starttime="20220617 21:34:05.172" endtime="20220617 21:34:05.188"/>
</kw>
<kw name="Log To Console" library="BuiltIn">
<arg>${low_price}</arg>
<doc>Logs the given message to the console.</doc>
<status status="PASS" starttime="20220617 21:34:05.188" endtime="20220617 21:34:05.190"/>
</kw>
<status status="PASS" starttime="20220617 21:34:05.172" endtime="20220617 21:34:05.190"/>
</kw>
<status status="PASS" starttime="20220617 21:34:04.979" endtime="20220617 21:34:05.191"/>
</test>
<test id="s1-s1-t3" name="Filter with A to Z" line="32">
<kw name="SortAtoZ" library="GlobalKeywords">
<kw name="Click Element" library="SeleniumLibrary">
<arg>xpath://option[contains(text(),'Name (A to Z)')]</arg>
<doc>Click the element identified by ``locator``.</doc>
<msg timestamp="20220617 21:34:05.194" level="INFO">Clicking element 'xpath://option[contains(text(),'Name (A to Z)')]'.</msg>
<status status="PASS" starttime="20220617 21:34:05.194" endtime="20220617 21:34:05.255"/>
</kw>
<kw name="Capture Page Screenshot" library="SeleniumLibrary">
<arg>../Screenshots/AtoZ.png</arg>
<doc>Takes a screenshot of the current page and embeds it into a log file.</doc>
<msg timestamp="20220617 21:34:05.321" level="INFO" html="true">&lt;/td&gt;&lt;/tr&gt;&lt;tr&gt;&lt;td colspan="3"&gt;&lt;a href="../Screenshots/AtoZ.png"&gt;&lt;img src="../Screenshots/AtoZ.png" width="800px"&gt;&lt;/a&gt;</msg>
<status status="PASS" starttime="20220617 21:34:05.255" endtime="20220617 21:34:05.321"/>
</kw>
<status status="PASS" starttime="20220617 21:34:05.194" endtime="20220617 21:34:05.321"/>
</kw>
<status status="PASS" starttime="20220617 21:34:05.193" endtime="20220617 21:34:05.322"/>
</test>
<test id="s1-s1-t4" name="Filter with Z to A" line="35">
<kw name="SortZtoA" library="GlobalKeywords">
<kw name="Click Element" library="SeleniumLibrary">
<arg>xpath://option[contains(text(),'Name (Z to A)')]</arg>
<doc>Click the element identified by ``locator``.</doc>
<msg timestamp="20220617 21:34:05.325" level="INFO">Clicking element 'xpath://option[contains(text(),'Name (Z to A)')]'.</msg>
<status status="PASS" starttime="20220617 21:34:05.325" endtime="20220617 21:34:05.388"/>
</kw>
<kw name="Capture Page Screenshot" library="SeleniumLibrary">
<arg>../Screenshots/ZtoA.png</arg>
<doc>Takes a screenshot of the current page and embeds it into a log file.</doc>
<msg timestamp="20220617 21:34:05.508" level="INFO" html="true">&lt;/td&gt;&lt;/tr&gt;&lt;tr&gt;&lt;td colspan="3"&gt;&lt;a href="../Screenshots/ZtoA.png"&gt;&lt;img src="../Screenshots/ZtoA.png" width="800px"&gt;&lt;/a&gt;</msg>
<status status="PASS" starttime="20220617 21:34:05.388" endtime="20220617 21:34:05.509"/>
</kw>
<status status="PASS" starttime="20220617 21:34:05.324" endtime="20220617 21:34:05.509"/>
</kw>
<status status="PASS" starttime="20220617 21:34:05.323" endtime="20220617 21:34:05.511"/>
</test>
<test id="s1-s1-t5" name="Add and Remove Product" line="38">
<kw name="View Product" library="GlobalKeywords">
<kw name="Click Element" library="SeleniumLibrary">
<arg>xpath://*[@id="item_4_img_link"]/img</arg>
<doc>Click the element identified by ``locator``.</doc>
<msg timestamp="20220617 21:34:05.516" level="INFO">Clicking element 'xpath://*[@id="item_4_img_link"]/img'.</msg>
<status status="PASS" starttime="20220617 21:34:05.516" endtime="20220617 21:34:05.628"/>
</kw>
<status status="PASS" starttime="20220617 21:34:05.515" endtime="20220617 21:34:05.629"/>
</kw>
<kw name="Add cart1" library="GlobalKeywords">
<kw name="Click Element" library="SeleniumLibrary">
<arg>xpath://button[@id='add-to-cart-sauce-labs-backpack']</arg>
<doc>Click the element identified by ``locator``.</doc>
<msg timestamp="20220617 21:34:05.630" level="INFO">Clicking element 'xpath://button[@id='add-to-cart-sauce-labs-backpack']'.</msg>
<status status="PASS" starttime="20220617 21:34:05.630" endtime="20220617 21:34:05.694"/>
</kw>
<kw name="Element Should Be Visible" library="SeleniumLibrary">
<arg>remove-sauce-labs-backpack</arg>
<doc>Verifies that the element identified by ``locator`` is visible.</doc>
<msg timestamp="20220617 21:34:05.727" level="INFO">Element 'remove-sauce-labs-backpack' is displayed.</msg>
<status status="PASS" starttime="20220617 21:34:05.695" endtime="20220617 21:34:05.727"/>
</kw>
<status status="PASS" starttime="20220617 21:34:05.629" endtime="20220617 21:34:05.728"/>
</kw>
<kw name="Remove Product From Cart" library="GlobalKeywords">
<kw name="Click Element" library="SeleniumLibrary">
<arg>xpath://button[@id='remove-sauce-labs-backpack']</arg>
<doc>Click the element identified by ``locator``.</doc>
<msg timestamp="20220617 21:34:05.729" level="INFO">Clicking element 'xpath://button[@id='remove-sauce-labs-backpack']'.</msg>
<status status="PASS" starttime="20220617 21:34:05.729" endtime="20220617 21:34:05.785"/>
</kw>
<status status="PASS" starttime="20220617 21:34:05.728" endtime="20220617 21:34:05.786"/>
</kw>
<kw name="Back to Home Page" library="GlobalKeywords">
<kw name="Click Element" library="SeleniumLibrary">
<arg>//button[@id='back-to-products']</arg>
<doc>Click the element identified by ``locator``.</doc>
<msg timestamp="20220617 21:34:05.787" level="INFO">Clicking element '//button[@id='back-to-products']'.</msg>
<status status="PASS" starttime="20220617 21:34:05.787" endtime="20220617 21:34:05.854"/>
</kw>
<status status="PASS" starttime="20220617 21:34:05.786" endtime="20220617 21:34:05.854"/>
</kw>
<status status="PASS" starttime="20220617 21:34:05.513" endtime="20220617 21:34:05.855"/>
</test>
<test id="s1-s1-t6" name="Place Order with more than one product" line="44">
<kw name="Add cart1" library="GlobalKeywords">
<kw name="Click Element" library="SeleniumLibrary">
<arg>xpath://button[@id='add-to-cart-sauce-labs-backpack']</arg>
<doc>Click the element identified by ``locator``.</doc>
<msg timestamp="20220617 21:34:05.858" level="INFO">Clicking element 'xpath://button[@id='add-to-cart-sauce-labs-backpack']'.</msg>
<status status="PASS" starttime="20220617 21:34:05.858" endtime="20220617 21:34:05.916"/>
</kw>
<kw name="Element Should Be Visible" library="SeleniumLibrary">
<arg>remove-sauce-labs-backpack</arg>
<doc>Verifies that the element identified by ``locator`` is visible.</doc>
<msg timestamp="20220617 21:34:06.010" level="INFO">Element 'remove-sauce-labs-backpack' is displayed.</msg>
<status status="PASS" starttime="20220617 21:34:05.916" endtime="20220617 21:34:06.010"/>
</kw>
<status status="PASS" starttime="20220617 21:34:05.858" endtime="20220617 21:34:06.011"/>
</kw>
<kw name="Add cart2" library="GlobalKeywords">
<kw name="Click Element" library="SeleniumLibrary">
<arg>xpath://button[@id='add-to-cart-test.allthethings()-t-shirt-(red)']</arg>
<doc>Click the element identified by ``locator``.</doc>
<msg timestamp="20220617 21:34:06.013" level="INFO">Clicking element 'xpath://button[@id='add-to-cart-test.allthethings()-t-shirt-(red)']'.</msg>
<status status="PASS" starttime="20220617 21:34:06.012" endtime="20220617 21:34:06.140"/>
</kw>
<kw name="Element Should Be Visible" library="SeleniumLibrary">
<arg>remove-test.allthethings()-t-shirt-(red)</arg>
<doc>Verifies that the element identified by ``locator`` is visible.</doc>
<msg timestamp="20220617 21:34:06.167" level="INFO">Element 'remove-test.allthethings()-t-shirt-(red)' is displayed.</msg>
<status status="PASS" starttime="20220617 21:34:06.140" endtime="20220617 21:34:06.167"/>
</kw>
<status status="PASS" starttime="20220617 21:34:06.012" endtime="20220617 21:34:06.167"/>
</kw>
<kw name="Select Cart" library="GlobalKeywords">
<kw name="Click Element" library="SeleniumLibrary">
<arg>xpath://span[contains(text(),'2')]</arg>
<doc>Click the element identified by ``locator``.</doc>
<msg timestamp="20220617 21:34:06.168" level="INFO">Clicking element 'xpath://span[contains(text(),'2')]'.</msg>
<status status="PASS" starttime="20220617 21:34:06.168" endtime="20220617 21:34:06.251"/>
</kw>
<status status="PASS" starttime="20220617 21:34:06.167" endtime="20220617 21:34:06.252"/>
</kw>
<kw name="Checkout" library="GlobalKeywords">
<kw name="Click Element" library="SeleniumLibrary">
<arg>//button[@id='checkout']</arg>
<doc>Click the element identified by ``locator``.</doc>
<msg timestamp="20220617 21:34:06.254" level="INFO">Clicking element '//button[@id='checkout']'.</msg>
<status status="PASS" starttime="20220617 21:34:06.253" endtime="20220617 21:34:06.329"/>
</kw>
<status status="PASS" starttime="20220617 21:34:06.253" endtime="20220617 21:34:06.330"/>
</kw>
<kw name="Continue without Input" library="GlobalKeywords">
<kw name="Click Element" library="SeleniumLibrary">
<arg>//input[@id='continue']</arg>
<doc>Click the element identified by ``locator``.</doc>
<msg timestamp="20220617 21:34:06.332" level="INFO">Clicking element '//input[@id='continue']'.</msg>
<status status="PASS" starttime="20220617 21:34:06.331" endtime="20220617 21:34:06.408"/>
</kw>
<kw name="Page Should Contain" library="SeleniumLibrary">
<arg>Error: First Name is required</arg>
<doc>Verifies that current page contains ``text``.</doc>
<msg timestamp="20220617 21:34:06.425" level="INFO">Current page contains text 'Error: First Name is required'.</msg>
<status status="PASS" starttime="20220617 21:34:06.408" endtime="20220617 21:34:06.425"/>
</kw>
<status status="PASS" starttime="20220617 21:34:06.331" endtime="20220617 21:34:06.425"/>
</kw>
<kw name="Enter First Name" library="GlobalKeywords">
<arg>${Fisrtname}</arg>
<kw name="Input Text" library="SeleniumLibrary">
<arg>${txt_FirstName}</arg>
<arg>${FirstName}</arg>
<doc>Types the given ``text`` into the text field identified by ``locator``.</doc>
<msg timestamp="20220617 21:34:06.427" level="INFO">Typing text '123' into text field 'id:first-name'.</msg>
<status status="PASS" starttime="20220617 21:34:06.427" endtime="20220617 21:34:06.532"/>
</kw>
<status status="PASS" starttime="20220617 21:34:06.426" endtime="20220617 21:34:06.532"/>
</kw>
<kw name="Enter Last Name" library="GlobalKeywords">
<arg>${Lastname}</arg>
<kw name="Input Text" library="SeleniumLibrary">
<arg>${txt_LastName}</arg>
<arg>${LastName}</arg>
<doc>Types the given ``text`` into the text field identified by ``locator``.</doc>
<msg timestamp="20220617 21:34:06.534" level="INFO">Typing text '123' into text field 'id:last-name'.</msg>
<status status="PASS" starttime="20220617 21:34:06.533" endtime="20220617 21:34:06.637"/>
</kw>
<status status="PASS" starttime="20220617 21:34:06.533" endtime="20220617 21:34:06.637"/>
</kw>
<kw name="Enter Zip Code" library="GlobalKeywords">
<arg>${Zipcode}</arg>
<kw name="Input Text" library="SeleniumLibrary">
<arg>${txt_ZipCode}</arg>
<arg>${ZipCode}</arg>
<doc>Types the given ``text`` into the text field identified by ``locator``.</doc>
<msg timestamp="20220617 21:34:06.639" level="INFO">Typing text '123411' into text field 'id:postal-code'.</msg>
<status status="PASS" starttime="20220617 21:34:06.638" endtime="20220617 21:34:06.758"/>
</kw>
<status status="PASS" starttime="20220617 21:34:06.638" endtime="20220617 21:34:06.759"/>
</kw>
<kw name="Continue" library="GlobalKeywords">
<kw name="Click Element" library="SeleniumLibrary">
<arg>//input[@id='continue']</arg>
<doc>Click the element identified by ``locator``.</doc>
<msg timestamp="20220617 21:34:06.760" level="INFO">Clicking element '//input[@id='continue']'.</msg>
<status status="PASS" starttime="20220617 21:34:06.760" endtime="20220617 21:34:06.815"/>
</kw>
<status status="PASS" starttime="20220617 21:34:06.760" endtime="20220617 21:34:06.816"/>
</kw>
<kw name="Finish Button" library="GlobalKeywords">
<kw name="Click Element" library="SeleniumLibrary">
<arg>//button[@id='finish']</arg>
<doc>Click the element identified by ``locator``.</doc>
<msg timestamp="20220617 21:34:06.818" level="INFO">Clicking element '//button[@id='finish']'.</msg>
<status status="PASS" starttime="20220617 21:34:06.817" endtime="20220617 21:34:06.888"/>
</kw>
<kw name="Capture Page Screenshot" library="SeleniumLibrary">
<arg>../Screenshots/OrderConfimation.png</arg>
<doc>Takes a screenshot of the current page and embeds it into a log file.</doc>
<msg timestamp="20220617 21:34:06.979" level="INFO" html="true">&lt;/td&gt;&lt;/tr&gt;&lt;tr&gt;&lt;td colspan="3"&gt;&lt;a href="../Screenshots/OrderConfimation.png"&gt;&lt;img src="../Screenshots/OrderConfimation.png" width="800px"&gt;&lt;/a&gt;</msg>
<status status="PASS" starttime="20220617 21:34:06.888" endtime="20220617 21:34:06.979"/>
</kw>
<status status="PASS" starttime="20220617 21:34:06.817" endtime="20220617 21:34:06.980"/>
</kw>
<kw name="Back to Home" library="GlobalKeywords">
<kw name="Click Element" library="SeleniumLibrary">
<arg>//button[@id='back-to-products']</arg>
<doc>Click the element identified by ``locator``.</doc>
<msg timestamp="20220617 21:34:06.981" level="INFO">Clicking element '//button[@id='back-to-products']'.</msg>
<status status="PASS" starttime="20220617 21:34:06.980" endtime="20220617 21:34:07.043"/>
</kw>
<kw name="Capture Page Screenshot" library="SeleniumLibrary">
<arg>../Screenshots/BackToHomePage.png</arg>
<doc>Takes a screenshot of the current page and embeds it into a log file.</doc>
<msg timestamp="20220617 21:34:07.283" level="INFO" html="true">&lt;/td&gt;&lt;/tr&gt;&lt;tr&gt;&lt;td colspan="3"&gt;&lt;a href="../Screenshots/BackToHomePage.png"&gt;&lt;img src="../Screenshots/BackToHomePage.png" width="800px"&gt;&lt;/a&gt;</msg>
<status status="PASS" starttime="20220617 21:34:07.043" endtime="20220617 21:34:07.283"/>
</kw>
<status status="PASS" starttime="20220617 21:34:06.980" endtime="20220617 21:34:07.283"/>
</kw>
<status status="PASS" starttime="20220617 21:34:05.856" endtime="20220617 21:34:07.284"/>
</test>
<test id="s1-s1-t7" name="Check Links" line="57">
<kw name="Click Side Menu" library="GlobalKeywords">
<kw name="Click Element" library="SeleniumLibrary">
<arg>//button[@id='react-burger-menu-btn']</arg>
<doc>Click the element identified by ``locator``.</doc>
<msg timestamp="20220617 21:34:07.286" level="INFO">Clicking element '//button[@id='react-burger-menu-btn']'.</msg>
<status status="PASS" starttime="20220617 21:34:07.286" endtime="20220617 21:34:07.345"/>
</kw>
<status status="PASS" starttime="20220617 21:34:07.286" endtime="20220617 21:34:07.345"/>
</kw>
<kw name="Sleep" library="BuiltIn">
<arg>5</arg>
<doc>Pauses the test executed for the given time.</doc>
<msg timestamp="20220617 21:34:12.352" level="INFO">Slept 5 seconds</msg>
<status status="PASS" starttime="20220617 21:34:07.346" endtime="20220617 21:34:12.353"/>
</kw>
<kw name="Click About Option" library="GlobalKeywords">
<kw name="Click Element" library="SeleniumLibrary">
<arg>//a[@id='about_sidebar_link']</arg>
<doc>Click the element identified by ``locator``.</doc>
<msg timestamp="20220617 21:34:12.354" level="INFO">Clicking element '//a[@id='about_sidebar_link']'.</msg>
<status status="PASS" starttime="20220617 21:34:12.354" endtime="20220617 21:34:14.297"/>
</kw>
<kw name="Title Should Be" library="SeleniumLibrary">
<arg>Cross Browser Testing, Selenium Testing, Mobile Testing | Sauce Labs</arg>
<doc>Verifies that the current page title equals ``title``.</doc>
<msg timestamp="20220617 21:34:14.302" level="INFO">Page title is 'Cross Browser Testing, Selenium Testing, Mobile Testing | Sauce Labs'.</msg>
<status status="PASS" starttime="20220617 21:34:14.297" endtime="20220617 21:34:14.302"/>
</kw>
<status status="PASS" starttime="20220617 21:34:12.353" endtime="20220617 21:34:14.302"/>
</kw>
<kw name="Go To" library="SeleniumLibrary">
<arg>https://www.saucedemo.com/inventory.html</arg>
<doc>Navigates the current browser window to the provided ``url``.</doc>
<msg timestamp="20220617 21:34:14.303" level="INFO">Opening url 'https://www.saucedemo.com/inventory.html'</msg>
<status status="PASS" starttime="20220617 21:34:14.303" endtime="20220617 21:34:14.643"/>
</kw>
<kw name="Sleep" library="BuiltIn">
<arg>5</arg>
<doc>Pauses the test executed for the given time.</doc>
<msg timestamp="20220617 21:34:19.652" level="INFO">Slept 5 seconds</msg>
<status status="PASS" starttime="20220617 21:34:14.644" endtime="20220617 21:34:19.652"/>
</kw>
<kw name="Click Side Menu" library="GlobalKeywords">
<kw name="Click Element" library="SeleniumLibrary">
<arg>//button[@id='react-burger-menu-btn']</arg>
<doc>Click the element identified by ``locator``.</doc>
<msg timestamp="20220617 21:34:19.653" level="INFO">Clicking element '//button[@id='react-burger-menu-btn']'.</msg>
<status status="PASS" starttime="20220617 21:34:19.653" endtime="20220617 21:34:19.698"/>
</kw>
<status status="PASS" starttime="20220617 21:34:19.652" endtime="20220617 21:34:19.698"/>
</kw>
<kw name="Sleep" library="BuiltIn">
<arg>5</arg>
<doc>Pauses the test executed for the given time.</doc>
<msg timestamp="20220617 21:34:24.700" level="INFO">Slept 5 seconds</msg>
<status status="PASS" starttime="20220617 21:34:19.699" endtime="20220617 21:34:24.700"/>
</kw>
<kw name="Click Logout" library="GlobalKeywords">
<kw name="Click Element" library="SeleniumLibrary">
<arg>//a[@id='logout_sidebar_link']</arg>
<doc>Click the element identified by ``locator``.</doc>
<msg timestamp="20220617 21:34:24.701" level="INFO">Clicking element '//a[@id='logout_sidebar_link']'.</msg>
<status status="PASS" starttime="20220617 21:34:24.701" endtime="20220617 21:34:24.752"/>
</kw>
<kw name="Capture Page Screenshot" library="SeleniumLibrary">
<arg>../Screenshots/LoginPage.png</arg>
<doc>Takes a screenshot of the current page and embeds it into a log file.</doc>
<msg timestamp="20220617 21:34:24.806" level="INFO" html="true">&lt;/td&gt;&lt;/tr&gt;&lt;tr&gt;&lt;td colspan="3"&gt;&lt;a href="../Screenshots/LoginPage.png"&gt;&lt;img src="../Screenshots/LoginPage.png" width="800px"&gt;&lt;/a&gt;</msg>
<status status="PASS" starttime="20220617 21:34:24.752" endtime="20220617 21:34:24.806"/>
</kw>
<status status="PASS" starttime="20220617 21:34:24.701" endtime="20220617 21:34:24.806"/>
</kw>
<status status="PASS" starttime="20220617 21:34:07.285" endtime="20220617 21:34:24.806"/>
</test>
<kw name="Close my Browser" library="GlobalKeywords" type="TEARDOWN">
<kw name="Close All Browsers" library="SeleniumLibrary">
<doc>Closes all open browsers and resets the browser cache.</doc>
<status status="PASS" starttime="20220617 21:34:24.808" endtime="20220617 21:34:26.966"/>
</kw>
<status status="PASS" starttime="20220617 21:34:24.808" endtime="20220617 21:34:26.966"/>
</kw>
<status status="PASS" starttime="20220617 21:34:00.147" endtime="20220617 21:34:26.966"/>
</suite>
<suite id="s1-s2" name="LoginCheck" source="C:\Users\sivakaj\PycharmProjects\SwagLabs\TestCases\LoginCheck.robot">
<kw name="Open my Browser" library="GlobalKeywords" type="SETUP">
<arg>${url}</arg>
<arg>${browser}</arg>
<kw name="Open Browser" library="SeleniumLibrary">
<arg>${url}</arg>
<arg>${browser}</arg>
<doc>Opens a new browser instance to the optional ``url``.</doc>
<msg timestamp="20220617 21:34:26.994" level="INFO">Opening browser 'headlesschrome' to base url 'https://www.saucedemo.com/'.</msg>
<status status="PASS" starttime="20220617 21:34:26.994" endtime="20220617 21:34:29.110"/>
</kw>
<kw name="Maximize Browser Window" library="SeleniumLibrary">
<doc>Maximizes current browser window.</doc>
<status status="PASS" starttime="20220617 21:34:29.111" endtime="20220617 21:34:29.221"/>
</kw>
<status status="PASS" starttime="20220617 21:34:26.994" endtime="20220617 21:34:29.221"/>
</kw>
<test id="s1-s2-t1" name="Login with Invalid data standrd_user" line="17">
<kw name="Login with Invalid data">
<arg>standrd_user</arg>
<arg>123</arg>
<kw name="Enter username" library="GlobalKeywords">
<arg>${username}</arg>
<kw name="Input Text" library="SeleniumLibrary">
<arg>${txt_userName}</arg>
<arg>${username}</arg>
<doc>Types the given ``text`` into the text field identified by ``locator``.</doc>
<msg timestamp="20220617 21:34:29.224" level="INFO">Typing text 'standrd_user' into text field 'name:user-name'.</msg>
<status status="PASS" starttime="20220617 21:34:29.224" endtime="20220617 21:34:29.381"/>
</kw>
<status status="PASS" starttime="20220617 21:34:29.224" endtime="20220617 21:34:29.382"/>
</kw>
<kw name="Enter password" library="GlobalKeywords">
<arg>${password}</arg>
<kw name="Input Text" library="SeleniumLibrary">
<arg>${txt_password}</arg>
<arg>${password}</arg>
<doc>Types the given ``text`` into the text field identified by ``locator``.</doc>
<msg timestamp="20220617 21:34:29.383" level="INFO">Typing text '123' into text field 'name:password'.</msg>
<status status="PASS" starttime="20220617 21:34:29.383" endtime="20220617 21:34:29.498"/>
</kw>
<status status="PASS" starttime="20220617 21:34:29.382" endtime="20220617 21:34:29.498"/>
</kw>
<kw name="Click Login" library="GlobalKeywords">
<kw name="Click Button" library="SeleniumLibrary">
<arg>${txt_login_button}</arg>
<doc>Clicks the button identified by ``locator``.</doc>
<msg timestamp="20220617 21:34:29.499" level="INFO">Clicking button 'name:login-button'.</msg>
<status status="PASS" starttime="20220617 21:34:29.498" endtime="20220617 21:34:29.580"/>
</kw>
<status status="PASS" starttime="20220617 21:34:29.498" endtime="20220617 21:34:29.581"/>
</kw>
<kw name="Error Message should visible" library="GlobalKeywords">
<kw name="Page Should Contain" library="SeleniumLibrary">
<arg>Epic sadface</arg>
<doc>Verifies that current page contains ``text``.</doc>
<msg timestamp="20220617 21:34:29.600" level="INFO">Current page contains text 'Epic sadface'.</msg>
<status status="PASS" starttime="20220617 21:34:29.582" endtime="20220617 21:34:29.600"/>
</kw>
<status status="PASS" starttime="20220617 21:34:29.581" endtime="20220617 21:34:29.600"/>
</kw>
<kw name="Verify Invalid login" library="GlobalKeywords">
<kw name="Capture Page Screenshot" library="SeleniumLibrary">
<arg>../Screenshots/Failedlogin.png</arg>
<doc>Takes a screenshot of the current page and embeds it into a log file.</doc>
<msg timestamp="20220617 21:34:29.674" level="INFO" html="true">&lt;/td&gt;&lt;/tr&gt;&lt;tr&gt;&lt;td colspan="3"&gt;&lt;a href="../Screenshots/Failedlogin.png"&gt;&lt;img src="../Screenshots/Failedlogin.png" width="800px"&gt;&lt;/a&gt;</msg>
<status status="PASS" starttime="20220617 21:34:29.601" endtime="20220617 21:34:29.674"/>
</kw>
<status status="PASS" starttime="20220617 21:34:29.600" endtime="20220617 21:34:29.674"/>
</kw>
<status status="PASS" starttime="20220617 21:34:29.224" endtime="20220617 21:34:29.675"/>
</kw>
<status status="PASS" starttime="20220617 21:34:29.222" endtime="20220617 21:34:29.676"/>
</test>
<test id="s1-s2-t2" name="Login with Invalid data standarduser" line="17">
<kw name="Login with Invalid data">
<arg>standarduser</arg>
<arg>secret_sauce</arg>
<kw name="Enter username" library="GlobalKeywords">
<arg>${username}</arg>
<kw name="Input Text" library="SeleniumLibrary">
<arg>${txt_userName}</arg>
<arg>${username}</arg>
<doc>Types the given ``text`` into the text field identified by ``locator``.</doc>
<msg timestamp="20220617 21:34:29.681" level="INFO">Typing text 'standarduser' into text field 'name:user-name'.</msg>
<status status="PASS" starttime="20220617 21:34:29.681" endtime="20220617 21:34:29.786"/>
</kw>
<status status="PASS" starttime="20220617 21:34:29.680" endtime="20220617 21:34:29.786"/>
</kw>
<kw name="Enter password" library="GlobalKeywords">
<arg>${password}</arg>
<kw name="Input Text" library="SeleniumLibrary">
<arg>${txt_password}</arg>
<arg>${password}</arg>
<doc>Types the given ``text`` into the text field identified by ``locator``.</doc>
<msg timestamp="20220617 21:34:29.788" level="INFO">Typing text 'secret_sauce' into text field 'name:password'.</msg>
<status status="PASS" starttime="20220617 21:34:29.787" endtime="20220617 21:34:29.885"/>
</kw>
<status status="PASS" starttime="20220617 21:34:29.786" endtime="20220617 21:34:29.886"/>
</kw>
<kw name="Click Login" library="GlobalKeywords">
<kw name="Click Button" library="SeleniumLibrary">
<arg>${txt_login_button}</arg>
<doc>Clicks the button identified by ``locator``.</doc>
<msg timestamp="20220617 21:34:29.887" level="INFO">Clicking button 'name:login-button'.</msg>
<status status="PASS" starttime="20220617 21:34:29.886" endtime="20220617 21:34:29.928"/>
</kw>
<status status="PASS" starttime="20220617 21:34:29.886" endtime="20220617 21:34:29.928"/>
</kw>
<kw name="Error Message should visible" library="GlobalKeywords">
<kw name="Page Should Contain" library="SeleniumLibrary">
<arg>Epic sadface</arg>
<doc>Verifies that current page contains ``text``.</doc>
<msg timestamp="20220617 21:34:29.939" level="INFO">Current page contains text 'Epic sadface'.</msg>
<status status="PASS" starttime="20220617 21:34:29.929" endtime="20220617 21:34:29.940"/>
</kw>
<status status="PASS" starttime="20220617 21:34:29.928" endtime="20220617 21:34:29.940"/>
</kw>
<kw name="Verify Invalid login" library="GlobalKeywords">
<kw name="Capture Page Screenshot" library="SeleniumLibrary">
<arg>../Screenshots/Failedlogin.png</arg>
<doc>Takes a screenshot of the current page and embeds it into a log file.</doc>
<msg timestamp="20220617 21:34:30.013" level="INFO" html="true">&lt;/td&gt;&lt;/tr&gt;&lt;tr&gt;&lt;td colspan="3"&gt;&lt;a href="../Screenshots/Failedlogin.png"&gt;&lt;img src="../Screenshots/Failedlogin.png" width="800px"&gt;&lt;/a&gt;</msg>
<status status="PASS" starttime="20220617 21:34:29.941" endtime="20220617 21:34:30.013"/>
</kw>
<status status="PASS" starttime="20220617 21:34:29.940" endtime="20220617 21:34:30.013"/>
</kw>
<status status="PASS" starttime="20220617 21:34:29.680" endtime="20220617 21:34:30.014"/>
</kw>
<status status="PASS" starttime="20220617 21:34:29.677" endtime="20220617 21:34:30.014"/>
</test>
<test id="s1-s2-t3" name="Login with Invalid data standard_user" line="17">
<kw name="Login with Invalid data">
<arg>standard_user</arg>
<arg>secretsauce</arg>
<kw name="Enter username" library="GlobalKeywords">
<arg>${username}</arg>
<kw name="Input Text" library="SeleniumLibrary">
<arg>${txt_userName}</arg>
<arg>${username}</arg>
<doc>Types the given ``text`` into the text field identified by ``locator``.</doc>
<msg timestamp="20220617 21:34:30.019" level="INFO">Typing text 'standard_user' into text field 'name:user-name'.</msg>
<status status="PASS" starttime="20220617 21:34:30.019" endtime="20220617 21:34:30.107"/>
</kw>
<status status="PASS" starttime="20220617 21:34:30.017" endtime="20220617 21:34:30.108"/>
</kw>
<kw name="Enter password" library="GlobalKeywords">
<arg>${password}</arg>
<kw name="Input Text" library="SeleniumLibrary">
<arg>${txt_password}</arg>
<arg>${password}</arg>
<doc>Types the given ``text`` into the text field identified by ``locator``.</doc>
<msg timestamp="20220617 21:34:30.109" level="INFO">Typing text 'secretsauce' into text field 'name:password'.</msg>
<status status="PASS" starttime="20220617 21:34:30.108" endtime="20220617 21:34:30.185"/>
</kw>
<status status="PASS" starttime="20220617 21:34:30.108" endtime="20220617 21:34:30.186"/>
</kw>
<kw name="Click Login" library="GlobalKeywords">
<kw name="Click Button" library="SeleniumLibrary">
<arg>${txt_login_button}</arg>
<doc>Clicks the button identified by ``locator``.</doc>
<msg timestamp="20220617 21:34:30.187" level="INFO">Clicking button 'name:login-button'.</msg>
<status status="PASS" starttime="20220617 21:34:30.186" endtime="20220617 21:34:30.229"/>
</kw>
<status status="PASS" starttime="20220617 21:34:30.186" endtime="20220617 21:34:30.229"/>
</kw>
<kw name="Error Message should visible" library="GlobalKeywords">
<kw name="Page Should Contain" library="SeleniumLibrary">
<arg>Epic sadface</arg>
<doc>Verifies that current page contains ``text``.</doc>
<msg timestamp="20220617 21:34:30.240" level="INFO">Current page contains text 'Epic sadface'.</msg>
<status status="PASS" starttime="20220617 21:34:30.230" endtime="20220617 21:34:30.240"/>
</kw>
<status status="PASS" starttime="20220617 21:34:30.229" endtime="20220617 21:34:30.240"/>
</kw>
<kw name="Verify Invalid login" library="GlobalKeywords">
<kw name="Capture Page Screenshot" library="SeleniumLibrary">
<arg>../Screenshots/Failedlogin.png</arg>
<doc>Takes a screenshot of the current page and embeds it into a log file.</doc>
<msg timestamp="20220617 21:34:30.307" level="INFO" html="true">&lt;/td&gt;&lt;/tr&gt;&lt;tr&gt;&lt;td colspan="3"&gt;&lt;a href="../Screenshots/Failedlogin.png"&gt;&lt;img src="../Screenshots/Failedlogin.png" width="800px"&gt;&lt;/a&gt;</msg>
<status status="PASS" starttime="20220617 21:34:30.241" endtime="20220617 21:34:30.307"/>
</kw>
<status status="PASS" starttime="20220617 21:34:30.240" endtime="20220617 21:34:30.307"/>
</kw>
<status status="PASS" starttime="20220617 21:34:30.017" endtime="20220617 21:34:30.307"/>
</kw>
<status status="PASS" starttime="20220617 21:34:30.015" endtime="20220617 21:34:30.308"/>
</test>
<test id="s1-s2-t4" name="Login with Invalid data  " line="17">
<kw name="Login with Invalid data">
<arg> </arg>
<arg> </arg>
<kw name="Enter username" library="GlobalKeywords">
<arg>${username}</arg>
<kw name="Input Text" library="SeleniumLibrary">
<arg>${txt_userName}</arg>
<arg>${username}</arg>
<doc>Types the given ``text`` into the text field identified by ``locator``.</doc>
<msg timestamp="20220617 21:34:30.313" level="INFO">Typing text ' ' into text field 'name:user-name'.</msg>
<status status="PASS" starttime="20220617 21:34:30.313" endtime="20220617 21:34:30.392"/>
</kw>
<status status="PASS" starttime="20220617 21:34:30.312" endtime="20220617 21:34:30.392"/>
</kw>
<kw name="Enter password" library="GlobalKeywords">
<arg>${password}</arg>
<kw name="Input Text" library="SeleniumLibrary">
<arg>${txt_password}</arg>
<arg>${password}</arg>
<doc>Types the given ``text`` into the text field identified by ``locator``.</doc>
<msg timestamp="20220617 21:34:30.394" level="INFO">Typing text ' ' into text field 'name:password'.</msg>
<status status="PASS" starttime="20220617 21:34:30.393" endtime="20220617 21:34:30.471"/>
</kw>
<status status="PASS" starttime="20220617 21:34:30.392" endtime="20220617 21:34:30.472"/>
</kw>
<kw name="Click Login" library="GlobalKeywords">
<kw name="Click Button" library="SeleniumLibrary">
<arg>${txt_login_button}</arg>
<doc>Clicks the button identified by ``locator``.</doc>
<msg timestamp="20220617 21:34:30.473" level="INFO">Clicking button 'name:login-button'.</msg>
<status status="PASS" starttime="20220617 21:34:30.472" endtime="20220617 21:34:30.510"/>
</kw>
<status status="PASS" starttime="20220617 21:34:30.472" endtime="20220617 21:34:30.510"/>
</kw>
<kw name="Error Message should visible" library="GlobalKeywords">
<kw name="Page Should Contain" library="SeleniumLibrary">
<arg>Epic sadface</arg>
<doc>Verifies that current page contains ``text``.</doc>
<msg timestamp="20220617 21:34:30.521" level="INFO">Current page contains text 'Epic sadface'.</msg>
<status status="PASS" starttime="20220617 21:34:30.511" endtime="20220617 21:34:30.521"/>
</kw>
<status status="PASS" starttime="20220617 21:34:30.511" endtime="20220617 21:34:30.521"/>
</kw>
<kw name="Verify Invalid login" library="GlobalKeywords">
<kw name="Capture Page Screenshot" library="SeleniumLibrary">
<arg>../Screenshots/Failedlogin.png</arg>
<doc>Takes a screenshot of the current page and embeds it into a log file.</doc>
<msg timestamp="20220617 21:34:30.606" level="INFO" html="true">&lt;/td&gt;&lt;/tr&gt;&lt;tr&gt;&lt;td colspan="3"&gt;&lt;a href="../Screenshots/Failedlogin.png"&gt;&lt;img src="../Screenshots/Failedlogin.png" width="800px"&gt;&lt;/a&gt;</msg>
<status status="PASS" starttime="20220617 21:34:30.522" endtime="20220617 21:34:30.606"/>
</kw>
<status status="PASS" starttime="20220617 21:34:30.521" endtime="20220617 21:34:30.606"/>
</kw>
<status status="PASS" starttime="20220617 21:34:30.312" endtime="20220617 21:34:30.606"/>
</kw>
<status status="PASS" starttime="20220617 21:34:30.309" endtime="20220617 21:34:30.607"/>
</test>
<test id="s1-s2-t5" name="Login with Invalid data  " line="17">
<kw name="Login with Invalid data">
<arg> </arg>
<arg>secret_sauce</arg>
<kw name="Enter username" library="GlobalKeywords">
<arg>${username}</arg>
<kw name="Input Text" library="SeleniumLibrary">
<arg>${txt_userName}</arg>
<arg>${username}</arg>
<doc>Types the given ``text`` into the text field identified by ``locator``.</doc>
<msg timestamp="20220617 21:34:30.609" level="INFO">Typing text ' ' into text field 'name:user-name'.</msg>
<status status="PASS" starttime="20220617 21:34:30.609" endtime="20220617 21:34:30.680"/>
</kw>
<status status="PASS" starttime="20220617 21:34:30.609" endtime="20220617 21:34:30.680"/>
</kw>
<kw name="Enter password" library="GlobalKeywords">
<arg>${password}</arg>
<kw name="Input Text" library="SeleniumLibrary">
<arg>${txt_password}</arg>
<arg>${password}</arg>
<doc>Types the given ``text`` into the text field identified by ``locator``.</doc>
<msg timestamp="20220617 21:34:30.681" level="INFO">Typing text 'secret_sauce' into text field 'name:password'.</msg>
<status status="PASS" starttime="20220617 21:34:30.681" endtime="20220617 21:34:30.768"/>
</kw>
<status status="PASS" starttime="20220617 21:34:30.681" endtime="20220617 21:34:30.769"/>
</kw>
<kw name="Click Login" library="GlobalKeywords">
<kw name="Click Button" library="SeleniumLibrary">
<arg>${txt_login_button}</arg>
<doc>Clicks the button identified by ``locator``.</doc>
<msg timestamp="20220617 21:34:30.769" level="INFO">Clicking button 'name:login-button'.</msg>
<status status="PASS" starttime="20220617 21:34:30.769" endtime="20220617 21:34:30.808"/>
</kw>
<status status="PASS" starttime="20220617 21:34:30.769" endtime="20220617 21:34:30.808"/>
</kw>
<kw name="Error Message should visible" library="GlobalKeywords">
<kw name="Page Should Contain" library="SeleniumLibrary">
<arg>Epic sadface</arg>
<doc>Verifies that current page contains ``text``.</doc>
<msg timestamp="20220617 21:34:30.819" level="INFO">Current page contains text 'Epic sadface'.</msg>
<status status="PASS" starttime="20220617 21:34:30.809" endtime="20220617 21:34:30.819"/>
</kw>
<status status="PASS" starttime="20220617 21:34:30.808" endtime="20220617 21:34:30.819"/>
</kw>
<kw name="Verify Invalid login" library="GlobalKeywords">
<kw name="Capture Page Screenshot" library="SeleniumLibrary">
<arg>../Screenshots/Failedlogin.png</arg>
<doc>Takes a screenshot of the current page and embeds it into a log file.</doc>
<msg timestamp="20220617 21:34:30.885" level="INFO" html="true">&lt;/td&gt;&lt;/tr&gt;&lt;tr&gt;&lt;td colspan="3"&gt;&lt;a href="../Screenshots/Failedlogin.png"&gt;&lt;img src="../Screenshots/Failedlogin.png" width="800px"&gt;&lt;/a&gt;</msg>
<status status="PASS" starttime="20220617 21:34:30.820" endtime="20220617 21:34:30.885"/>
</kw>
<status status="PASS" starttime="20220617 21:34:30.819" endtime="20220617 21:34:30.885"/>
</kw>
<status status="PASS" starttime="20220617 21:34:30.609" endtime="20220617 21:34:30.885"/>
</kw>
<status status="PASS" starttime="20220617 21:34:30.608" endtime="20220617 21:34:30.886"/>
</test>
<test id="s1-s2-t6" name="Login with Invalid data standard_user" line="17">
<kw name="Login with Invalid data">
<arg>standard_user</arg>
<arg> </arg>
<kw name="Enter username" library="GlobalKeywords">
<arg>${username}</arg>
<kw name="Input Text" library="SeleniumLibrary">
<arg>${txt_userName}</arg>
<arg>${username}</arg>
<doc>Types the given ``text`` into the text field identified by ``locator``.</doc>
<msg timestamp="20220617 21:34:30.891" level="INFO">Typing text 'standard_user' into text field 'name:user-name'.</msg>
<status status="PASS" starttime="20220617 21:34:30.891" endtime="20220617 21:34:30.979"/>
</kw>
<status status="PASS" starttime="20220617 21:34:30.890" endtime="20220617 21:34:30.980"/>
</kw>
<kw name="Enter password" library="GlobalKeywords">
<arg>${password}</arg>
<kw name="Input Text" library="SeleniumLibrary">
<arg>${txt_password}</arg>
<arg>${password}</arg>
<doc>Types the given ``text`` into the text field identified by ``locator``.</doc>
<msg timestamp="20220617 21:34:30.981" level="INFO">Typing text ' ' into text field 'name:password'.</msg>
<status status="PASS" starttime="20220617 21:34:30.980" endtime="20220617 21:34:31.039"/>
</kw>
<status status="PASS" starttime="20220617 21:34:30.980" endtime="20220617 21:34:31.040"/>
</kw>
<kw name="Click Login" library="GlobalKeywords">
<kw name="Click Button" library="SeleniumLibrary">
<arg>${txt_login_button}</arg>
<doc>Clicks the button identified by ``locator``.</doc>
<msg timestamp="20220617 21:34:31.040" level="INFO">Clicking button 'name:login-button'.</msg>
<status status="PASS" starttime="20220617 21:34:31.040" endtime="20220617 21:34:31.077"/>
</kw>
<status status="PASS" starttime="20220617 21:34:31.040" endtime="20220617 21:34:31.077"/>
</kw>
<kw name="Error Message should visible" library="GlobalKeywords">
<kw name="Page Should Contain" library="SeleniumLibrary">
<arg>Epic sadface</arg>
<doc>Verifies that current page contains ``text``.</doc>
<msg timestamp="20220617 21:34:31.087" level="INFO">Current page contains text 'Epic sadface'.</msg>
<status status="PASS" starttime="20220617 21:34:31.077" endtime="20220617 21:34:31.087"/>
</kw>
<status status="PASS" starttime="20220617 21:34:31.077" endtime="20220617 21:34:31.087"/>
</kw>
<kw name="Verify Invalid login" library="GlobalKeywords">
<kw name="Capture Page Screenshot" library="SeleniumLibrary">
<arg>../Screenshots/Failedlogin.png</arg>
<doc>Takes a screenshot of the current page and embeds it into a log file.</doc>
<msg timestamp="20220617 21:34:31.165" level="INFO" html="true">&lt;/td&gt;&lt;/tr&gt;&lt;tr&gt;&lt;td colspan="3"&gt;&lt;a href="../Screenshots/Failedlogin.png"&gt;&lt;img src="../Screenshots/Failedlogin.png" width="800px"&gt;&lt;/a&gt;</msg>
<status status="PASS" starttime="20220617 21:34:31.088" endtime="20220617 21:34:31.165"/>
</kw>
<status status="PASS" starttime="20220617 21:34:31.087" endtime="20220617 21:34:31.165"/>
</kw>
<status status="PASS" starttime="20220617 21:34:30.890" endtime="20220617 21:34:31.165"/>
</kw>
<status status="PASS" starttime="20220617 21:34:30.888" endtime="20220617 21:34:31.166"/>
</test>
<kw name="Close my Browser" library="GlobalKeywords" type="TEARDOWN">
<kw name="Close All Browsers" library="SeleniumLibrary">
<doc>Closes all open browsers and resets the browser cache.</doc>
<status status="PASS" starttime="20220617 21:34:31.167" endtime="20220617 21:34:33.303"/>
</kw>
<status status="PASS" starttime="20220617 21:34:31.167" endtime="20220617 21:34:33.304"/>
</kw>
<status status="PASS" starttime="20220617 21:34:26.969" endtime="20220617 21:34:33.304"/>
</suite>
<status status="PASS" starttime="20220617 21:34:00.103" endtime="20220617 21:34:33.306"/>
</suite>
<statistics>
<total>
<stat pass="13" fail="0" skip="0">All Tests</stat>
</total>
<tag>
</tag>
<suite>
<stat pass="13" fail="0" skip="0" id="s1" name="CompletePurchase &amp; LoginCheck">CompletePurchase &amp; LoginCheck</stat>
<stat pass="7" fail="0" skip="0" id="s1-s1" name="CompletePurchase">CompletePurchase &amp; LoginCheck.CompletePurchase</stat>
<stat pass="6" fail="0" skip="0" id="s1-s2" name="LoginCheck">CompletePurchase &amp; LoginCheck.LoginCheck</stat>
</suite>
</statistics>
<errors>
<msg timestamp="20220617 21:34:30.015" level="WARN">Multiple tests with name 'Login with Invalid data standard_user' executed in suite 'CompletePurchase &amp; LoginCheck.LoginCheck'.</msg>
<msg timestamp="20220617 21:34:30.608" level="WARN">Multiple tests with name 'Login with Invalid data  ' executed in suite 'CompletePurchase &amp; LoginCheck.LoginCheck'.</msg>
<msg timestamp="20220617 21:34:30.888" level="WARN">Multiple tests with name 'Login with Invalid data standard_user' executed in suite 'CompletePurchase &amp; LoginCheck.LoginCheck'.</msg>
</errors>
</robot>
